\BOOKMARK [1][-]{Doc-Start}{\376\377\000A\000b\000b\000r\000e\000v\000i\000a\000t\000i\000o\000n}{}% 1
\BOOKMARK [1][-]{Doc-Start}{\376\377\000S\000u\000m\000m\000a\000r\000y}{}% 2
\BOOKMARK [1][-]{Doc-Start}{\376\377\000A\000b\000s\000t\000r\000a\000c\000t}{}% 3
\BOOKMARK [1][-]{Doc-Start}{\376\377\000L\000i\000t\000e\000r\000a\000t\000u\000r\000e\000\040\000R\000e\000v\000i\000e\000w}{}% 4
\BOOKMARK [2][-]{subsection.0.1}{\376\377\000T\000h\000e\000\040\000M\000o\000r\000p\000h\000o\000l\000o\000g\000i\000c\000a\000l\000\040\000L\000a\000n\000d\000s\000c\000a\000p\000e\000\040\000o\000f\000\040\000M\000a\000l\000a\000y\000a\000l\000a\000m}{Doc-Start}% 5
\BOOKMARK [2][-]{subsection.0.2}{\376\377\000S\000a\000n\000d\000h\000i\000\040\000R\000u\000l\000e\000s\000\040\000a\000n\000d\000\040\000M\000o\000r\000p\000h\000o\000p\000h\000o\000n\000e\000m\000i\000c\000\040\000A\000l\000t\000e\000r\000n\000a\000t\000i\000o\000n\000s\000\040}{Doc-Start}% 6
\BOOKMARK [2][-]{subsection.0.3}{\376\377\000O\000r\000t\000h\000o\000g\000r\000a\000p\000h\000i\000c\000\040\000E\000v\000o\000l\000u\000t\000i\000o\000n\000\040\000a\000n\000d\000\040\000D\000i\000g\000i\000t\000a\000l\000\040\000R\000e\000p\000r\000e\000s\000e\000n\000t\000a\000t\000i\000o\000n\000\040\000C\000h\000a\000l\000l\000e\000n\000g\000e\000s\000\040}{Doc-Start}% 7
\BOOKMARK [2][-]{subsection.0.4}{\376\377\000I\000n\000t\000r\000a\000-\000W\000o\000r\000d\000\040\000C\000o\000d\000e\000-\000S\000w\000i\000t\000c\000h\000i\000n\000g\000\040\000a\000n\000d\000\040\000M\000o\000r\000p\000h\000o\000l\000o\000g\000i\000c\000a\000l\000\040\000A\000d\000a\000p\000t\000a\000t\000i\000o\000n\000\040}{Doc-Start}% 8
\BOOKMARK [2][-]{subsection.0.5}{\376\377\000M\000e\000t\000h\000o\000d\000s\000,\000\040\000A\000p\000p\000r\000o\000a\000c\000h\000e\000s\000,\000\040\000a\000n\000d\000\040\000T\000e\000c\000h\000n\000o\000l\000o\000g\000i\000e\000s\000\040}{Doc-Start}% 9
\BOOKMARK [3][-]{subsubsection.0.5.1}{\376\377\000T\000h\000e\000o\000r\000e\000t\000i\000c\000a\000l\000\040\000F\000r\000a\000m\000e\000w\000o\000r\000k\000s\000\040\000o\000f\000\040\000S\000u\000b\000w\000o\000r\000d\000\040\000T\000o\000k\000e\000n\000i\000z\000a\000t\000i\000o\000n\000\040\000A\000l\000g\000o\000r\000i\000t\000h\000m\000s\000\040}{subsection.0.5}% 10
\BOOKMARK [3][-]{subsubsection.0.5.2}{\376\377\000T\000h\000e\000\040\000"\000T\000o\000k\000e\000n\000\040\000T\000a\000x\000"\000\040\000a\000n\000d\000\040\000R\000e\000p\000r\000e\000s\000e\000n\000t\000a\000t\000i\000o\000n\000a\000l\000\040\000B\000i\000a\000s}{subsection.0.5}% 11
\BOOKMARK [3][-]{subsubsection.0.5.3}{\376\377\000I\000n\000t\000r\000i\000n\000s\000i\000c\000\040\000E\000v\000a\000l\000u\000a\000t\000i\000o\000n\000\040\000M\000e\000t\000r\000i\000c\000s\000\040\000f\000o\000r\000\040\000T\000o\000k\000e\000n\000i\000z\000a\000t\000i\000o\000n\000\040\000Q\000u\000a\000l\000i\000t\000y\000\040}{subsection.0.5}% 12
\BOOKMARK [3][-]{subsubsection.0.5.4}{\376\377\000L\000i\000g\000h\000t\000w\000e\000i\000g\000h\000t\000\040\000T\000r\000a\000n\000s\000f\000o\000r\000m\000e\000r\000\040\000A\000r\000c\000h\000i\000t\000e\000c\000t\000u\000r\000e\000s\000\040\000f\000o\000r\000\040\000M\000a\000l\000a\000y\000a\000l\000a\000m\000\040\000D\000e\000p\000l\000o\000y\000m\000e\000n\000t\000\040}{subsection.0.5}% 13
\BOOKMARK [2][-]{subsection.0.6}{\376\377\000A\000d\000v\000a\000n\000c\000e\000m\000e\000n\000t\000s\000\040\000i\000n\000\040\000M\000o\000r\000p\000h\000o\000l\000o\000g\000y\000-\000A\000w\000a\000r\000e\000\040\000T\000o\000k\000e\000n\000i\000z\000a\000t\000i\000o\000n}{Doc-Start}% 14
\BOOKMARK [2][-]{subsection.0.7}{\376\377\000A\000l\000g\000o\000r\000i\000t\000h\000m\000i\000c\000\040\000D\000o\000m\000i\000n\000a\000n\000c\000e\000,\000\040\000A\000l\000i\000g\000n\000m\000e\000n\000t\000,\000\040\000a\000n\000d\000\040\000P\000r\000e\000d\000i\000c\000t\000a\000b\000i\000l\000i\000t\000y}{Doc-Start}% 15
\BOOKMARK [2][-]{subsection.0.8}{\376\377\000D\000a\000t\000a\000s\000e\000t\000s\000,\000\040\000B\000e\000n\000c\000h\000m\000a\000r\000k\000s\000,\000\040\000a\000n\000d\000\040\000D\000o\000w\000n\000s\000t\000r\000e\000a\000m\000\040\000T\000a\000s\000k\000\040\000P\000e\000r\000f\000o\000r\000m\000a\000n\000c\000e}{Doc-Start}% 16
\BOOKMARK [2][-]{subsection.0.9}{\376\377\000R\000e\000s\000e\000a\000r\000c\000h\000\040\000G\000a\000p\000s\000\040\000a\000n\000d\000\040\000M\000o\000t\000i\000v\000a\000t\000i\000o\000n\000\040}{Doc-Start}% 17
\BOOKMARK [1][-]{table.6}{\376\377\000M\000e\000t\000h\000o\000d\000o\000l\000o\000g\000y}{}% 18
\BOOKMARK [2][-]{subsubsection.0.9.1}{\376\377\000T\000h\000e\000\040\000M\000o\000r\000p\000h\000o\000l\000o\000g\000y\000-\000A\000w\000a\000r\000e\000\040\000H\000y\000b\000r\000i\000d\000\040\000F\000r\000a\000m\000e\000w\000o\000r\000k\000\040}{table.6}% 19
\BOOKMARK [1][-]{Item.8}{\376\377\000M\000e\000t\000h\000o\000d\000o\000l\000o\000g\000y}{}% 20
\BOOKMARK [1][-]{Item.8}{\376\377\000R\000e\000s\000u\000l\000t\000\040\000a\000n\000d\000\040\000A\000n\000a\000l\000y\000s\000i\000s}{}% 21
\BOOKMARK [1][-]{Item.8}{\376\377\000D\000i\000s\000c\000u\000s\000s\000i\000o\000n}{}% 22
\BOOKMARK [1][-]{Item.8}{\376\377\000C\000o\000n\000c\000l\000u\000s\000i\000o\000n}{}% 23
